mode: set
github.com/m-lukas/github-analyser/db/mongo_util.go:12.111,17.22 2 1
github.com/m-lukas/github-analyser/db/mongo_util.go:22.2,23.16 2 1
github.com/m-lukas/github-analyser/db/mongo_util.go:27.2,27.12 1 1
github.com/m-lukas/github-analyser/db/mongo_util.go:17.22,19.3 1 0
github.com/m-lukas/github-analyser/db/mongo_util.go:23.16,25.3 1 0
github.com/m-lukas/github-analyser/db/mongo_util.go:32.86,38.16 3 1
github.com/m-lukas/github-analyser/db/mongo_util.go:42.2,42.12 1 1
github.com/m-lukas/github-analyser/db/mongo_util.go:38.16,40.3 1 0
github.com/m-lukas/github-analyser/db/mongo_util.go:46.81,55.16 5 1
github.com/m-lukas/github-analyser/db/mongo_util.go:58.2,61.23 2 1
github.com/m-lukas/github-analyser/db/mongo_util.go:76.2,76.23 1 1
github.com/m-lukas/github-analyser/db/mongo_util.go:55.16,57.3 1 0
github.com/m-lukas/github-analyser/db/mongo_util.go:61.23,66.17 3 1
github.com/m-lukas/github-analyser/db/mongo_util.go:71.3,71.23 1 1
github.com/m-lukas/github-analyser/db/mongo_util.go:66.17,68.4 1 0
github.com/m-lukas/github-analyser/db/mongo_util.go:71.23,73.4 1 1
github.com/m-lukas/github-analyser/db/mongo_util.go:80.89,86.25 3 1
github.com/m-lukas/github-analyser/db/mongo_util.go:91.2,93.16 3 1
github.com/m-lukas/github-analyser/db/mongo_util.go:97.2,97.18 1 1
github.com/m-lukas/github-analyser/db/mongo_util.go:86.25,88.3 1 0
github.com/m-lukas/github-analyser/db/mongo_util.go:93.16,95.3 1 0
github.com/m-lukas/github-analyser/db/redis.go:28.60,30.16 2 0
github.com/m-lukas/github-analyser/db/redis.go:34.2,39.3 1 0
github.com/m-lukas/github-analyser/db/redis.go:30.16,32.3 1 0
github.com/m-lukas/github-analyser/db/redis.go:43.57,50.2 1 1
github.com/m-lukas/github-analyser/db/redis.go:53.51,57.22 2 1
github.com/m-lukas/github-analyser/db/redis.go:64.2,72.16 3 1
github.com/m-lukas/github-analyser/db/redis.go:77.2,81.12 4 1
github.com/m-lukas/github-analyser/db/redis.go:57.22,59.3 1 1
github.com/m-lukas/github-analyser/db/redis.go:59.8,61.3 1 0
github.com/m-lukas/github-analyser/db/redis.go:72.16,75.3 1 0
github.com/m-lukas/github-analyser/db/redis.go:88.33,91.2 2 0
github.com/m-lukas/github-analyser/db/aggregation.go:18.38,20.2 1 1
github.com/m-lukas/github-analyser/db/aggregation.go:25.73,29.16 2 1
github.com/m-lukas/github-analyser/db/aggregation.go:32.2,36.33 3 1
github.com/m-lukas/github-analyser/db/aggregation.go:41.2,46.16 4 1
github.com/m-lukas/github-analyser/db/aggregation.go:49.2,55.23 3 1
github.com/m-lukas/github-analyser/db/aggregation.go:65.2,69.16 3 1
github.com/m-lukas/github-analyser/db/aggregation.go:72.2,74.12 2 1
github.com/m-lukas/github-analyser/db/aggregation.go:29.16,31.3 1 0
github.com/m-lukas/github-analyser/db/aggregation.go:36.33,38.3 1 1
github.com/m-lukas/github-analyser/db/aggregation.go:46.16,48.3 1 0
github.com/m-lukas/github-analyser/db/aggregation.go:55.23,58.17 3 1
github.com/m-lukas/github-analyser/db/aggregation.go:61.3,61.41 1 1
github.com/m-lukas/github-analyser/db/aggregation.go:58.17,60.4 1 0
github.com/m-lukas/github-analyser/db/aggregation.go:69.16,71.3 1 0
github.com/m-lukas/github-analyser/db/db_util.go:8.39,13.22 2 1
github.com/m-lukas/github-analyser/db/db_util.go:18.2,19.16 2 0
github.com/m-lukas/github-analyser/db/db_util.go:23.2,23.18 1 0
github.com/m-lukas/github-analyser/db/db_util.go:13.22,15.3 1 1
github.com/m-lukas/github-analyser/db/db_util.go:19.16,21.3 1 0
github.com/m-lukas/github-analyser/db/db_util.go:27.34,29.2 1 1
github.com/m-lukas/github-analyser/db/db_util.go:32.46,38.16 3 1
github.com/m-lukas/github-analyser/db/db_util.go:42.2,42.18 1 1
github.com/m-lukas/github-analyser/db/db_util.go:38.16,40.3 1 0
github.com/m-lukas/github-analyser/db/db_util.go:46.43,49.19 1 1
github.com/m-lukas/github-analyser/db/db_util.go:55.2,55.20 1 1
github.com/m-lukas/github-analyser/db/db_util.go:49.19,51.17 2 1
github.com/m-lukas/github-analyser/db/db_util.go:51.17,53.4 1 1
github.com/m-lukas/github-analyser/db/mongo.go:31.60,37.2 1 0
github.com/m-lukas/github-analyser/db/mongo.go:40.57,46.2 1 1
github.com/m-lukas/github-analyser/db/mongo.go:49.51,53.22 2 1
github.com/m-lukas/github-analyser/db/mongo.go:60.2,65.16 4 1
github.com/m-lukas/github-analyser/db/mongo.go:69.2,70.16 2 1
github.com/m-lukas/github-analyser/db/mongo.go:75.2,81.12 5 1
github.com/m-lukas/github-analyser/db/mongo.go:53.22,55.3 1 1
github.com/m-lukas/github-analyser/db/mongo.go:55.8,57.3 1 0
github.com/m-lukas/github-analyser/db/mongo.go:65.16,67.3 1 0
github.com/m-lukas/github-analyser/db/mongo.go:70.16,72.3 1 0
github.com/m-lukas/github-analyser/db/mongo.go:87.33,94.2 5 0
github.com/m-lukas/github-analyser/db/db.go:34.19,38.22 2 1
github.com/m-lukas/github-analyser/db/db.go:42.2,45.16 3 0
github.com/m-lukas/github-analyser/db/db.go:49.2,50.16 2 0
github.com/m-lukas/github-analyser/db/db.go:54.2,55.16 2 0
github.com/m-lukas/github-analyser/db/db.go:59.2,59.12 1 0
github.com/m-lukas/github-analyser/db/db.go:38.22,40.3 1 1
github.com/m-lukas/github-analyser/db/db.go:45.16,47.3 1 0
github.com/m-lukas/github-analyser/db/db.go:50.16,52.3 1 0
github.com/m-lukas/github-analyser/db/db.go:55.16,57.3 1 0
github.com/m-lukas/github-analyser/db/db.go:63.39,65.16 2 1
github.com/m-lukas/github-analyser/db/db.go:70.2,70.72 1 1
github.com/m-lukas/github-analyser/db/db.go:75.2,78.16 4 1
github.com/m-lukas/github-analyser/db/db.go:87.2,88.25 2 1
github.com/m-lukas/github-analyser/db/db.go:65.16,67.3 1 0
github.com/m-lukas/github-analyser/db/db.go:70.72,72.3 1 0
github.com/m-lukas/github-analyser/db/db.go:78.16,81.17 2 0
github.com/m-lukas/github-analyser/db/db.go:81.17,84.4 1 0
github.com/m-lukas/github-analyser/db/db.go:92.39,95.16 2 1
github.com/m-lukas/github-analyser/db/db.go:100.2,100.72 1 1
github.com/m-lukas/github-analyser/db/db.go:105.2,107.16 3 1
github.com/m-lukas/github-analyser/db/db.go:116.2,116.30 1 1
github.com/m-lukas/github-analyser/db/db.go:95.16,97.3 1 0
github.com/m-lukas/github-analyser/db/db.go:100.72,102.3 1 0
github.com/m-lukas/github-analyser/db/db.go:107.16,110.17 2 0
github.com/m-lukas/github-analyser/db/db.go:110.17,113.4 1 0
github.com/m-lukas/github-analyser/db/db.go:120.45,123.16 2 0
github.com/m-lukas/github-analyser/db/db.go:127.2,127.29 1 0
github.com/m-lukas/github-analyser/db/db.go:134.2,134.30 1 0
github.com/m-lukas/github-analyser/db/db.go:123.16,125.3 1 0
github.com/m-lukas/github-analyser/db/db.go:127.29,129.17 2 0
github.com/m-lukas/github-analyser/db/db.go:129.17,131.4 1 0
github.com/m-lukas/github-analyser/db/db.go:139.38,141.16 2 0
github.com/m-lukas/github-analyser/db/db.go:145.2,146.16 2 0
github.com/m-lukas/github-analyser/db/db.go:150.2,150.12 1 0
github.com/m-lukas/github-analyser/db/db.go:141.16,143.3 1 0
github.com/m-lukas/github-analyser/db/db.go:146.16,148.3 1 0
github.com/m-lukas/github-analyser/db/redis_util.go:12.76,15.32 2 1
github.com/m-lukas/github-analyser/db/redis_util.go:24.2,24.12 1 1
github.com/m-lukas/github-analyser/db/redis_util.go:15.32,19.17 2 1
github.com/m-lukas/github-analyser/db/redis_util.go:19.17,21.4 1 0
github.com/m-lukas/github-analyser/db/redis_util.go:28.95,33.16 3 1
github.com/m-lukas/github-analyser/db/redis_util.go:36.2,36.12 1 1
github.com/m-lukas/github-analyser/db/redis_util.go:33.16,35.3 1 0
github.com/m-lukas/github-analyser/db/redis_util.go:40.70,46.22 3 1
github.com/m-lukas/github-analyser/db/redis_util.go:46.22,48.3 1 0
github.com/m-lukas/github-analyser/db/redis_util.go:48.8,48.23 1 1
github.com/m-lukas/github-analyser/db/redis_util.go:48.23,50.3 1 0
github.com/m-lukas/github-analyser/db/redis_util.go:50.8,52.3 1 1
github.com/m-lukas/github-analyser/db/redis_util.go:57.81,64.22 3 1
github.com/m-lukas/github-analyser/db/redis_util.go:81.2,81.12 1 0
github.com/m-lukas/github-analyser/db/redis_util.go:64.22,66.17 2 1
github.com/m-lukas/github-analyser/db/redis_util.go:69.3,69.13 1 1
github.com/m-lukas/github-analyser/db/redis_util.go:66.17,68.4 1 0
github.com/m-lukas/github-analyser/db/redis_util.go:70.8,70.23 1 1
github.com/m-lukas/github-analyser/db/redis_util.go:70.23,72.3 1 0
github.com/m-lukas/github-analyser/db/redis_util.go:72.8,75.17 2 1
github.com/m-lukas/github-analyser/db/redis_util.go:78.3,78.15 1 1
github.com/m-lukas/github-analyser/db/redis_util.go:75.17,77.4 1 0
github.com/m-lukas/github-analyser/db/score.go:10.51,13.29 1 1
github.com/m-lukas/github-analyser/db/score.go:21.2,22.16 2 1
github.com/m-lukas/github-analyser/db/score.go:27.2,103.12 38 1
github.com/m-lukas/github-analyser/db/score.go:13.29,15.17 2 1
github.com/m-lukas/github-analyser/db/score.go:15.17,17.4 1 0
github.com/m-lukas/github-analyser/db/score.go:22.16,24.3 1 0
